
2023-03-07 11:12:10.914  INFO 12568 --- [main] c.e.jwtPractice.JwtPracticeApplication   : Starting JwtPracticeApplication using Java 19.0.2 on DESKTOP-KLDK7G6 with PID 12568 (C:\Users\Ocean Computers\Desktop\practice\jwtPractice\jwtPractice\target\classes started by Ocean Computers in C:\Users\Ocean Computers\Desktop\practice\jwtPractice\jwtPractice)
2023-03-07 11:12:10.918 DEBUG 12568 --- [main] c.e.jwtPractice.JwtPracticeApplication   : Running with Spring Boot v2.7.9, Spring v5.3.25
2023-03-07 11:12:10.920  INFO 12568 --- [main] c.e.jwtPractice.JwtPracticeApplication   : No active profile set, falling back to 1 default profile: "default"
2023-03-07 11:12:13.024  INFO 12568 --- [main] o.s.b.w.embedded.tomcat.TomcatWebServer  : Tomcat initialized with port(s): 8080 (http)
2023-03-07 11:12:13.043  INFO 12568 --- [main] o.apache.catalina.core.StandardService   : Starting service [Tomcat]
2023-03-07 11:12:13.044  INFO 12568 --- [main] org.apache.catalina.core.StandardEngine  : Starting Servlet engine: [Apache Tomcat/9.0.71]
2023-03-07 11:12:13.212  INFO 12568 --- [main] o.a.c.c.C.[Tomcat].[localhost].[/]       : Initializing Spring embedded WebApplicationContext
2023-03-07 11:12:13.213  INFO 12568 --- [main] w.s.c.ServletWebServerApplicationContext : Root WebApplicationContext: initialization completed in 2137 ms
2023-03-07 11:12:13.775  INFO 12568 --- [main] o.s.s.web.DefaultSecurityFilterChain     : Will secure any request with [org.springframework.security.web.session.DisableEncodeUrlFilter@6f911326, org.springframework.security.web.context.request.async.WebAsyncManagerIntegrationFilter@f1d0004, org.springframework.security.web.context.SecurityContextPersistenceFilter@49faf066, org.springframework.security.web.header.HeaderWriterFilter@12fcc71f, org.springframework.security.web.authentication.logout.LogoutFilter@5f0f9947, org.springframework.security.web.savedrequest.RequestCacheAwareFilter@455c1d8c, org.springframework.security.web.servletapi.SecurityContextHolderAwareRequestFilter@59072e9d, org.springframework.security.web.authentication.AnonymousAuthenticationFilter@6e4f263e, org.springframework.security.web.session.SessionManagementFilter@7ceb4478, org.springframework.security.web.access.ExceptionTranslationFilter@68d7a2df, org.springframework.security.web.access.intercept.FilterSecurityInterceptor@76ad6715]
2023-03-07 11:12:14.214  INFO 12568 --- [main] o.s.b.w.embedded.tomcat.TomcatWebServer  : Tomcat started on port(s): 8080 (http) with context path ''
2023-03-07 11:12:14.230  INFO 12568 --- [main] c.e.jwtPractice.JwtPracticeApplication   : Started JwtPracticeApplication in 4.124 seconds (JVM running for 4.836)
2023-03-07 11:12:31.089  INFO 12568 --- [http-nio-8080-exec-2] o.a.c.c.C.[Tomcat].[localhost].[/]       : Initializing Spring DispatcherServlet 'dispatcherServlet'
2023-03-07 11:12:31.089  INFO 12568 --- [http-nio-8080-exec-2] o.s.web.servlet.DispatcherServlet        : Initializing Servlet 'dispatcherServlet'
2023-03-07 11:12:31.091  INFO 12568 --- [http-nio-8080-exec-2] o.s.web.servlet.DispatcherServlet        : Completed initialization in 1 ms
2023-03-07 13:45:54.203  INFO 7016 --- [main] c.e.jwtPractice.JwtPracticeApplication   : Starting JwtPracticeApplication using Java 19.0.2 on DESKTOP-KLDK7G6 with PID 7016 (C:\Users\Ocean Computers\Desktop\practice\jwtPractice\jwtPractice\target\classes started by Ocean Computers in C:\Users\Ocean Computers\Desktop\practice\jwtPractice\jwtPractice)
2023-03-07 13:45:54.209 DEBUG 7016 --- [main] c.e.jwtPractice.JwtPracticeApplication   : Running with Spring Boot v2.7.9, Spring v5.3.25
2023-03-07 13:45:54.210  INFO 7016 --- [main] c.e.jwtPractice.JwtPracticeApplication   : No active profile set, falling back to 1 default profile: "default"
2023-03-07 13:45:58.163  INFO 7016 --- [main] o.s.b.w.embedded.tomcat.TomcatWebServer  : Tomcat initialized with port(s): 8080 (http)
2023-03-07 13:45:58.213  INFO 7016 --- [main] o.apache.catalina.core.StandardService   : Starting service [Tomcat]
2023-03-07 13:45:58.214  INFO 7016 --- [main] org.apache.catalina.core.StandardEngine  : Starting Servlet engine: [Apache Tomcat/9.0.71]
2023-03-07 13:45:58.587  INFO 7016 --- [main] o.a.c.c.C.[Tomcat].[localhost].[/]       : Initializing Spring embedded WebApplicationContext
2023-03-07 13:45:58.588  INFO 7016 --- [main] w.s.c.ServletWebServerApplicationContext : Root WebApplicationContext: initialization completed in 4184 ms
2023-03-07 13:46:01.975  INFO 7016 --- [main] o.s.s.web.DefaultSecurityFilterChain     : Will secure any request with [org.springframework.security.web.session.DisableEncodeUrlFilter@625dfff3, org.springframework.security.web.context.request.async.WebAsyncManagerIntegrationFilter@26350ea2, org.springframework.security.web.context.SecurityContextPersistenceFilter@4c1bdcc2, org.springframework.security.web.header.HeaderWriterFilter@42b84286, org.springframework.security.web.authentication.logout.LogoutFilter@1e253c9d, org.springframework.security.web.savedrequest.RequestCacheAwareFilter@4b97c4ad, org.springframework.security.web.servletapi.SecurityContextHolderAwareRequestFilter@252a8aae, org.springframework.security.web.authentication.AnonymousAuthenticationFilter@1e9469b8, org.springframework.security.web.session.SessionManagementFilter@43af351a, org.springframework.security.web.access.ExceptionTranslationFilter@68ab0936, org.springframework.security.web.access.intercept.FilterSecurityInterceptor@4fa9ab6]
2023-03-07 13:46:03.295  INFO 7016 --- [main] o.s.b.w.embedded.tomcat.TomcatWebServer  : Tomcat started on port(s): 8080 (http) with context path ''
2023-03-07 13:46:03.318  INFO 7016 --- [main] c.e.jwtPractice.JwtPracticeApplication   : Started JwtPracticeApplication in 10.579 seconds (JVM running for 14.36)
2023-03-07 13:46:15.170  INFO 7016 --- [http-nio-8080-exec-1] o.a.c.c.C.[Tomcat].[localhost].[/]       : Initializing Spring DispatcherServlet 'dispatcherServlet'
2023-03-07 13:46:15.171  INFO 7016 --- [http-nio-8080-exec-1] o.s.web.servlet.DispatcherServlet        : Initializing Servlet 'dispatcherServlet'
2023-03-07 13:46:15.173  INFO 7016 --- [http-nio-8080-exec-1] o.s.web.servlet.DispatcherServlet        : Completed initialization in 2 ms
2023-03-07 13:47:55.852  WARN 7016 --- [http-nio-8080-exec-9] o.a.c.util.SessionIdGeneratorBase        : Creation of SecureRandom instance for session ID generation using [SHA1PRNG] took [106] milliseconds.
2023-03-07 13:48:05.089  INFO 9464 --- [main] c.e.jwtPractice.JwtPracticeApplication   : Starting JwtPracticeApplication using Java 19.0.2 on DESKTOP-KLDK7G6 with PID 9464 (C:\Users\Ocean Computers\Desktop\practice\jwtPractice\jwtPractice\target\classes started by Ocean Computers in C:\Users\Ocean Computers\Desktop\practice\jwtPractice\jwtPractice)
2023-03-07 13:48:05.095 DEBUG 9464 --- [main] c.e.jwtPractice.JwtPracticeApplication   : Running with Spring Boot v2.7.9, Spring v5.3.25
2023-03-07 13:48:05.096  INFO 9464 --- [main] c.e.jwtPractice.JwtPracticeApplication   : No active profile set, falling back to 1 default profile: "default"
2023-03-07 13:48:08.254  INFO 9464 --- [main] o.s.b.w.embedded.tomcat.TomcatWebServer  : Tomcat initialized with port(s): 8080 (http)
2023-03-07 13:48:08.279  INFO 9464 --- [main] o.apache.catalina.core.StandardService   : Starting service [Tomcat]
2023-03-07 13:48:08.280  INFO 9464 --- [main] org.apache.catalina.core.StandardEngine  : Starting Servlet engine: [Apache Tomcat/9.0.71]
2023-03-07 13:48:08.544  INFO 9464 --- [main] o.a.c.c.C.[Tomcat].[localhost].[/]       : Initializing Spring embedded WebApplicationContext
2023-03-07 13:48:08.545  INFO 9464 --- [main] w.s.c.ServletWebServerApplicationContext : Root WebApplicationContext: initialization completed in 3260 ms
2023-03-07 13:48:09.519  INFO 9464 --- [main] o.s.s.web.DefaultSecurityFilterChain     : Will secure any request with [org.springframework.security.web.session.DisableEncodeUrlFilter@4fa9ab6, org.springframework.security.web.context.request.async.WebAsyncManagerIntegrationFilter@2d3ef181, org.springframework.security.web.context.SecurityContextPersistenceFilter@27d33393, org.springframework.security.web.header.HeaderWriterFilter@bc042d5, org.springframework.security.web.authentication.logout.LogoutFilter@181b8c4b, org.springframework.security.web.savedrequest.RequestCacheAwareFilter@41eb94bc, org.springframework.security.web.servletapi.SecurityContextHolderAwareRequestFilter@1305c126, org.springframework.security.web.authentication.AnonymousAuthenticationFilter@a2341c6, org.springframework.security.web.session.SessionManagementFilter@517a2b0, org.springframework.security.web.access.ExceptionTranslationFilter@6540cf1d, org.springframework.security.web.access.intercept.FilterSecurityInterceptor@3dd31157]
2023-03-07 13:48:10.556  INFO 9464 --- [main] o.s.b.w.embedded.tomcat.TomcatWebServer  : Tomcat started on port(s): 8080 (http) with context path ''
2023-03-07 13:48:10.579  INFO 9464 --- [main] c.e.jwtPractice.JwtPracticeApplication   : Started JwtPracticeApplication in 7.043 seconds (JVM running for 9.012)
2023-03-07 13:48:15.271  INFO 9464 --- [http-nio-8080-exec-1] o.a.c.c.C.[Tomcat].[localhost].[/]       : Initializing Spring DispatcherServlet 'dispatcherServlet'
2023-03-07 13:48:15.281  INFO 9464 --- [http-nio-8080-exec-1] o.s.web.servlet.DispatcherServlet        : Initializing Servlet 'dispatcherServlet'
2023-03-07 13:48:15.296  INFO 9464 --- [http-nio-8080-exec-1] o.s.web.servlet.DispatcherServlet        : Completed initialization in 7 ms
2023-03-07 13:50:05.930  INFO 10516 --- [main] c.e.jwtPractice.JwtPracticeApplication   : Starting JwtPracticeApplication using Java 19.0.2 on DESKTOP-KLDK7G6 with PID 10516 (C:\Users\Ocean Computers\Desktop\practice\jwtPractice\jwtPractice\target\classes started by Ocean Computers in C:\Users\Ocean Computers\Desktop\practice\jwtPractice\jwtPractice)
2023-03-07 13:50:05.934 DEBUG 10516 --- [main] c.e.jwtPractice.JwtPracticeApplication   : Running with Spring Boot v2.7.9, Spring v5.3.25
2023-03-07 13:50:05.936  INFO 10516 --- [main] c.e.jwtPractice.JwtPracticeApplication   : No active profile set, falling back to 1 default profile: "default"
2023-03-07 13:50:09.096  INFO 10516 --- [main] o.s.b.w.embedded.tomcat.TomcatWebServer  : Tomcat initialized with port(s): 8080 (http)
2023-03-07 13:50:09.124  INFO 10516 --- [main] o.apache.catalina.core.StandardService   : Starting service [Tomcat]
2023-03-07 13:50:09.124  INFO 10516 --- [main] org.apache.catalina.core.StandardEngine  : Starting Servlet engine: [Apache Tomcat/9.0.71]
2023-03-07 13:50:09.391  INFO 10516 --- [main] o.a.c.c.C.[Tomcat].[localhost].[/]       : Initializing Spring embedded WebApplicationContext
2023-03-07 13:50:09.392  INFO 10516 --- [main] w.s.c.ServletWebServerApplicationContext : Root WebApplicationContext: initialization completed in 3289 ms
2023-03-07 13:50:10.230  INFO 10516 --- [main] o.s.s.web.DefaultSecurityFilterChain     : Will secure any request with [org.springframework.security.web.session.DisableEncodeUrlFilter@74e6094b, org.springframework.security.web.context.request.async.WebAsyncManagerIntegrationFilter@7a485a36, org.springframework.security.web.context.SecurityContextPersistenceFilter@43af351a, org.springframework.security.web.header.HeaderWriterFilter@4ce94d2f, org.springframework.security.web.authentication.logout.LogoutFilter@56dfab87, org.springframework.security.web.savedrequest.RequestCacheAwareFilter@72f9f27c, org.springframework.security.web.servletapi.SecurityContextHolderAwareRequestFilter@642f9a77, org.springframework.security.web.authentication.AnonymousAuthenticationFilter@5cf3157b, org.springframework.security.web.session.SessionManagementFilter@378cfecf, org.springframework.security.web.access.ExceptionTranslationFilter@7724704f, org.springframework.security.web.access.intercept.FilterSecurityInterceptor@4adc663e]
2023-03-07 13:50:11.235  INFO 10516 --- [main] o.s.b.w.embedded.tomcat.TomcatWebServer  : Tomcat started on port(s): 8080 (http) with context path ''
2023-03-07 13:50:11.260  INFO 10516 --- [main] c.e.jwtPractice.JwtPracticeApplication   : Started JwtPracticeApplication in 7.065 seconds (JVM running for 8.718)
2023-03-07 13:50:59.367  INFO 10516 --- [http-nio-8080-exec-1] o.a.c.c.C.[Tomcat].[localhost].[/]       : Initializing Spring DispatcherServlet 'dispatcherServlet'
2023-03-07 13:50:59.373  INFO 10516 --- [http-nio-8080-exec-1] o.s.web.servlet.DispatcherServlet        : Initializing Servlet 'dispatcherServlet'
2023-03-07 13:50:59.386  INFO 10516 --- [http-nio-8080-exec-1] o.s.web.servlet.DispatcherServlet        : Completed initialization in 5 ms
2023-03-07 13:53:03.772  INFO 12584 --- [main] c.e.jwtPractice.JwtPracticeApplication   : Starting JwtPracticeApplication using Java 19.0.2 on DESKTOP-KLDK7G6 with PID 12584 (C:\Users\Ocean Computers\Desktop\practice\jwtPractice\jwtPractice\target\classes started by Ocean Computers in C:\Users\Ocean Computers\Desktop\practice\jwtPractice\jwtPractice)
2023-03-07 13:53:03.778 DEBUG 12584 --- [main] c.e.jwtPractice.JwtPracticeApplication   : Running with Spring Boot v2.7.9, Spring v5.3.25
2023-03-07 13:53:03.780  INFO 12584 --- [main] c.e.jwtPractice.JwtPracticeApplication   : No active profile set, falling back to 1 default profile: "default"
2023-03-07 13:53:06.901  INFO 12584 --- [main] o.s.b.w.embedded.tomcat.TomcatWebServer  : Tomcat initialized with port(s): 8080 (http)
2023-03-07 13:53:06.926  INFO 12584 --- [main] o.apache.catalina.core.StandardService   : Starting service [Tomcat]
2023-03-07 13:53:06.927  INFO 12584 --- [main] org.apache.catalina.core.StandardEngine  : Starting Servlet engine: [Apache Tomcat/9.0.71]
2023-03-07 13:53:07.202  INFO 12584 --- [main] o.a.c.c.C.[Tomcat].[localhost].[/]       : Initializing Spring embedded WebApplicationContext
2023-03-07 13:53:07.203  INFO 12584 --- [main] w.s.c.ServletWebServerApplicationContext : Root WebApplicationContext: initialization completed in 3250 ms
2023-03-07 13:53:07.976  INFO 12584 --- [main] o.s.s.web.DefaultSecurityFilterChain     : Will secure any request with [org.springframework.security.web.session.DisableEncodeUrlFilter@625dfff3, org.springframework.security.web.context.request.async.WebAsyncManagerIntegrationFilter@26350ea2, org.springframework.security.web.context.SecurityContextPersistenceFilter@4c1bdcc2, org.springframework.security.web.header.HeaderWriterFilter@42b84286, org.springframework.security.web.authentication.logout.LogoutFilter@1e253c9d, org.springframework.security.web.savedrequest.RequestCacheAwareFilter@4b97c4ad, org.springframework.security.web.servletapi.SecurityContextHolderAwareRequestFilter@252a8aae, org.springframework.security.web.authentication.AnonymousAuthenticationFilter@1e9469b8, org.springframework.security.web.session.SessionManagementFilter@43af351a, org.springframework.security.web.access.ExceptionTranslationFilter@68ab0936, org.springframework.security.web.access.intercept.FilterSecurityInterceptor@4fa9ab6]
2023-03-07 13:53:08.936  INFO 12584 --- [main] o.s.b.w.embedded.tomcat.TomcatWebServer  : Tomcat started on port(s): 8080 (http) with context path ''
2023-03-07 13:53:08.994  INFO 12584 --- [main] c.e.jwtPractice.JwtPracticeApplication   : Started JwtPracticeApplication in 6.352 seconds (JVM running for 7.67)
2023-03-07 13:54:04.878  INFO 12584 --- [http-nio-8080-exec-1] o.a.c.c.C.[Tomcat].[localhost].[/]       : Initializing Spring DispatcherServlet 'dispatcherServlet'
2023-03-07 13:54:04.878  INFO 12584 --- [http-nio-8080-exec-1] o.s.web.servlet.DispatcherServlet        : Initializing Servlet 'dispatcherServlet'
2023-03-07 13:54:04.881  INFO 12584 --- [http-nio-8080-exec-1] o.s.web.servlet.DispatcherServlet        : Completed initialization in 1 ms
2023-03-07 13:55:50.250  INFO 9392 --- [main] c.e.jwtPractice.JwtPracticeApplication   : Starting JwtPracticeApplication using Java 19.0.2 on DESKTOP-KLDK7G6 with PID 9392 (C:\Users\Ocean Computers\Desktop\practice\jwtPractice\jwtPractice\target\classes started by Ocean Computers in C:\Users\Ocean Computers\Desktop\practice\jwtPractice\jwtPractice)
2023-03-07 13:55:50.256 DEBUG 9392 --- [main] c.e.jwtPractice.JwtPracticeApplication   : Running with Spring Boot v2.7.9, Spring v5.3.25
2023-03-07 13:55:50.258  INFO 9392 --- [main] c.e.jwtPractice.JwtPracticeApplication   : No active profile set, falling back to 1 default profile: "default"
2023-03-07 13:55:53.609  INFO 9392 --- [main] o.s.b.w.embedded.tomcat.TomcatWebServer  : Tomcat initialized with port(s): 8080 (http)
2023-03-07 13:55:53.644  INFO 9392 --- [main] o.apache.catalina.core.StandardService   : Starting service [Tomcat]
2023-03-07 13:55:53.646  INFO 9392 --- [main] org.apache.catalina.core.StandardEngine  : Starting Servlet engine: [Apache Tomcat/9.0.71]
2023-03-07 13:55:53.997  INFO 9392 --- [main] o.a.c.c.C.[Tomcat].[localhost].[/]       : Initializing Spring embedded WebApplicationContext
2023-03-07 13:55:53.998  INFO 9392 --- [main] w.s.c.ServletWebServerApplicationContext : Root WebApplicationContext: initialization completed in 3567 ms
2023-03-07 13:55:54.798  INFO 9392 --- [main] o.s.s.web.DefaultSecurityFilterChain     : Will secure any request with [org.springframework.security.web.session.DisableEncodeUrlFilter@625dfff3, org.springframework.security.web.context.request.async.WebAsyncManagerIntegrationFilter@26350ea2, org.springframework.security.web.context.SecurityContextPersistenceFilter@4c1bdcc2, org.springframework.security.web.header.HeaderWriterFilter@42b84286, org.springframework.security.web.authentication.logout.LogoutFilter@1e253c9d, org.springframework.security.web.savedrequest.RequestCacheAwareFilter@4b97c4ad, org.springframework.security.web.servletapi.SecurityContextHolderAwareRequestFilter@252a8aae, org.springframework.security.web.authentication.AnonymousAuthenticationFilter@1e9469b8, org.springframework.security.web.session.SessionManagementFilter@43af351a, org.springframework.security.web.access.ExceptionTranslationFilter@68ab0936, org.springframework.security.web.access.intercept.FilterSecurityInterceptor@4fa9ab6]
2023-03-07 13:55:55.452  INFO 9392 --- [main] o.s.b.w.embedded.tomcat.TomcatWebServer  : Tomcat started on port(s): 8080 (http) with context path ''
2023-03-07 13:55:55.489  INFO 9392 --- [main] c.e.jwtPractice.JwtPracticeApplication   : Started JwtPracticeApplication in 6.371 seconds (JVM running for 7.785)
2023-03-07 13:56:06.064  INFO 9392 --- [http-nio-8080-exec-1] o.a.c.c.C.[Tomcat].[localhost].[/]       : Initializing Spring DispatcherServlet 'dispatcherServlet'
2023-03-07 13:56:06.075  INFO 9392 --- [http-nio-8080-exec-1] o.s.web.servlet.DispatcherServlet        : Initializing Servlet 'dispatcherServlet'
2023-03-07 13:56:06.077  INFO 9392 --- [http-nio-8080-exec-1] o.s.web.servlet.DispatcherServlet        : Completed initialization in 1 ms
2023-03-07 13:57:12.660  INFO 7912 --- [main] c.e.jwtPractice.JwtPracticeApplication   : Starting JwtPracticeApplication using Java 19.0.2 on DESKTOP-KLDK7G6 with PID 7912 (C:\Users\Ocean Computers\Desktop\practice\jwtPractice\jwtPractice\target\classes started by Ocean Computers in C:\Users\Ocean Computers\Desktop\practice\jwtPractice\jwtPractice)
2023-03-07 13:57:12.665 DEBUG 7912 --- [main] c.e.jwtPractice.JwtPracticeApplication   : Running with Spring Boot v2.7.9, Spring v5.3.25
2023-03-07 13:57:12.666  INFO 7912 --- [main] c.e.jwtPractice.JwtPracticeApplication   : No active profile set, falling back to 1 default profile: "default"
2023-03-07 13:57:15.194  INFO 7912 --- [main] o.s.b.w.embedded.tomcat.TomcatWebServer  : Tomcat initialized with port(s): 8080 (http)
2023-03-07 13:57:15.223  INFO 7912 --- [main] o.apache.catalina.core.StandardService   : Starting service [Tomcat]
2023-03-07 13:57:15.223  INFO 7912 --- [main] org.apache.catalina.core.StandardEngine  : Starting Servlet engine: [Apache Tomcat/9.0.71]
2023-03-07 13:57:15.490  INFO 7912 --- [main] o.a.c.c.C.[Tomcat].[localhost].[/]       : Initializing Spring embedded WebApplicationContext
2023-03-07 13:57:15.490  INFO 7912 --- [main] w.s.c.ServletWebServerApplicationContext : Root WebApplicationContext: initialization completed in 2667 ms
2023-03-07 13:57:16.514  INFO 7912 --- [main] o.s.s.web.DefaultSecurityFilterChain     : Will secure any request with [org.springframework.security.web.session.DisableEncodeUrlFilter@51d387d3, org.springframework.security.web.context.request.async.WebAsyncManagerIntegrationFilter@2370ac7a, org.springframework.security.web.context.SecurityContextPersistenceFilter@524a076e, org.springframework.security.web.header.HeaderWriterFilter@455c1d8c, org.springframework.security.web.authentication.logout.LogoutFilter@7100dea, org.springframework.security.web.savedrequest.RequestCacheAwareFilter@62dbe64e, org.springframework.security.web.servletapi.SecurityContextHolderAwareRequestFilter@6cc86152, org.springframework.security.web.authentication.AnonymousAuthenticationFilter@534180a2, org.springframework.security.web.session.SessionManagementFilter@5e5af8e1, org.springframework.security.web.access.ExceptionTranslationFilter@49faf066, org.springframework.security.web.access.intercept.FilterSecurityInterceptor@41294371]
2023-03-07 13:57:17.344  INFO 7912 --- [main] o.s.b.w.embedded.tomcat.TomcatWebServer  : Tomcat started on port(s): 8080 (http) with context path ''
2023-03-07 13:57:17.365  INFO 7912 --- [main] c.e.jwtPractice.JwtPracticeApplication   : Started JwtPracticeApplication in 5.817 seconds (JVM running for 7.128)
2023-03-07 13:57:29.104  INFO 14028 --- [main] c.e.jwtPractice.JwtPracticeApplication   : Starting JwtPracticeApplication using Java 19.0.2 on DESKTOP-KLDK7G6 with PID 14028 (C:\Users\Ocean Computers\Desktop\practice\jwtPractice\jwtPractice\target\classes started by Ocean Computers in C:\Users\Ocean Computers\Desktop\practice\jwtPractice\jwtPractice)
2023-03-07 13:57:29.109 DEBUG 14028 --- [main] c.e.jwtPractice.JwtPracticeApplication   : Running with Spring Boot v2.7.9, Spring v5.3.25
2023-03-07 13:57:29.111  INFO 14028 --- [main] c.e.jwtPractice.JwtPracticeApplication   : No active profile set, falling back to 1 default profile: "default"
2023-03-07 13:57:32.257  INFO 14028 --- [main] o.s.b.w.embedded.tomcat.TomcatWebServer  : Tomcat initialized with port(s): 8080 (http)
2023-03-07 13:57:32.283  INFO 14028 --- [main] o.apache.catalina.core.StandardService   : Starting service [Tomcat]
2023-03-07 13:57:32.285  INFO 14028 --- [main] org.apache.catalina.core.StandardEngine  : Starting Servlet engine: [Apache Tomcat/9.0.71]
2023-03-07 13:57:32.550  INFO 14028 --- [main] o.a.c.c.C.[Tomcat].[localhost].[/]       : Initializing Spring embedded WebApplicationContext
2023-03-07 13:57:32.552  INFO 14028 --- [main] w.s.c.ServletWebServerApplicationContext : Root WebApplicationContext: initialization completed in 3281 ms
2023-03-07 13:57:33.296  INFO 14028 --- [main] o.s.s.web.DefaultSecurityFilterChain     : Will secure any request with [org.springframework.security.web.session.DisableEncodeUrlFilter@625dfff3, org.springframework.security.web.context.request.async.WebAsyncManagerIntegrationFilter@26350ea2, org.springframework.security.web.context.SecurityContextPersistenceFilter@4c1bdcc2, org.springframework.security.web.header.HeaderWriterFilter@42b84286, org.springframework.security.web.authentication.logout.LogoutFilter@1e253c9d, org.springframework.security.web.savedrequest.RequestCacheAwareFilter@4b97c4ad, org.springframework.security.web.servletapi.SecurityContextHolderAwareRequestFilter@252a8aae, org.springframework.security.web.authentication.AnonymousAuthenticationFilter@1e9469b8, org.springframework.security.web.session.SessionManagementFilter@43af351a, org.springframework.security.web.access.ExceptionTranslationFilter@68ab0936, org.springframework.security.web.access.intercept.FilterSecurityInterceptor@4fa9ab6]
2023-03-07 13:57:34.131  INFO 14028 --- [main] o.s.b.w.embedded.tomcat.TomcatWebServer  : Tomcat started on port(s): 8080 (http) with context path ''
2023-03-07 13:57:34.175  INFO 14028 --- [main] c.e.jwtPractice.JwtPracticeApplication   : Started JwtPracticeApplication in 6.269 seconds (JVM running for 7.495)
2023-03-07 13:57:51.988  INFO 14028 --- [http-nio-8080-exec-1] o.a.c.c.C.[Tomcat].[localhost].[/]       : Initializing Spring DispatcherServlet 'dispatcherServlet'
2023-03-07 13:57:51.989  INFO 14028 --- [http-nio-8080-exec-1] o.s.web.servlet.DispatcherServlet        : Initializing Servlet 'dispatcherServlet'
2023-03-07 13:57:51.991  INFO 14028 --- [http-nio-8080-exec-1] o.s.web.servlet.DispatcherServlet        : Completed initialization in 2 ms
2023-03-07 13:58:56.966  INFO 6996 --- [main] c.e.jwtPractice.JwtPracticeApplication   : Starting JwtPracticeApplication using Java 19.0.2 on DESKTOP-KLDK7G6 with PID 6996 (C:\Users\Ocean Computers\Desktop\practice\jwtPractice\jwtPractice\target\classes started by Ocean Computers in C:\Users\Ocean Computers\Desktop\practice\jwtPractice\jwtPractice)
2023-03-07 13:58:56.972 DEBUG 6996 --- [main] c.e.jwtPractice.JwtPracticeApplication   : Running with Spring Boot v2.7.9, Spring v5.3.25
2023-03-07 13:58:56.973  INFO 6996 --- [main] c.e.jwtPractice.JwtPracticeApplication   : No active profile set, falling back to 1 default profile: "default"
2023-03-07 13:59:00.075  INFO 6996 --- [main] o.s.b.w.embedded.tomcat.TomcatWebServer  : Tomcat initialized with port(s): 8080 (http)
2023-03-07 13:59:00.124  INFO 6996 --- [main] o.apache.catalina.core.StandardService   : Starting service [Tomcat]
2023-03-07 13:59:00.126  INFO 6996 --- [main] org.apache.catalina.core.StandardEngine  : Starting Servlet engine: [Apache Tomcat/9.0.71]
2023-03-07 13:59:00.445  INFO 6996 --- [main] o.a.c.c.C.[Tomcat].[localhost].[/]       : Initializing Spring embedded WebApplicationContext
2023-03-07 13:59:00.446  INFO 6996 --- [main] w.s.c.ServletWebServerApplicationContext : Root WebApplicationContext: initialization completed in 3313 ms
2023-03-07 13:59:01.358  INFO 6996 --- [main] o.s.s.web.DefaultSecurityFilterChain     : Will secure any request with [org.springframework.security.web.session.DisableEncodeUrlFilter@625dfff3, org.springframework.security.web.context.request.async.WebAsyncManagerIntegrationFilter@26350ea2, org.springframework.security.web.context.SecurityContextPersistenceFilter@4c1bdcc2, org.springframework.security.web.header.HeaderWriterFilter@42b84286, org.springframework.security.web.authentication.logout.LogoutFilter@1e253c9d, org.springframework.security.web.savedrequest.RequestCacheAwareFilter@4b97c4ad, org.springframework.security.web.servletapi.SecurityContextHolderAwareRequestFilter@252a8aae, org.springframework.security.web.authentication.AnonymousAuthenticationFilter@1e9469b8, org.springframework.security.web.session.SessionManagementFilter@43af351a, org.springframework.security.web.access.ExceptionTranslationFilter@68ab0936, org.springframework.security.web.access.intercept.FilterSecurityInterceptor@4fa9ab6]
2023-03-07 13:59:02.208  INFO 6996 --- [main] o.s.b.w.embedded.tomcat.TomcatWebServer  : Tomcat started on port(s): 8080 (http) with context path ''
2023-03-07 13:59:02.243  INFO 6996 --- [main] c.e.jwtPractice.JwtPracticeApplication   : Started JwtPracticeApplication in 6.526 seconds (JVM running for 7.927)
2023-03-07 13:59:44.122  INFO 6996 --- [http-nio-8080-exec-1] o.a.c.c.C.[Tomcat].[localhost].[/]       : Initializing Spring DispatcherServlet 'dispatcherServlet'
2023-03-07 13:59:44.123  INFO 6996 --- [http-nio-8080-exec-1] o.s.web.servlet.DispatcherServlet        : Initializing Servlet 'dispatcherServlet'
2023-03-07 13:59:44.129  INFO 6996 --- [http-nio-8080-exec-1] o.s.web.servlet.DispatcherServlet        : Completed initialization in 4 ms
2023-03-07 14:01:16.196  INFO 14004 --- [main] c.e.jwtPractice.JwtPracticeApplication   : Starting JwtPracticeApplication using Java 19.0.2 on DESKTOP-KLDK7G6 with PID 14004 (C:\Users\Ocean Computers\Desktop\practice\jwtPractice\jwtPractice\target\classes started by Ocean Computers in C:\Users\Ocean Computers\Desktop\practice\jwtPractice\jwtPractice)
2023-03-07 14:01:16.201 DEBUG 14004 --- [main] c.e.jwtPractice.JwtPracticeApplication   : Running with Spring Boot v2.7.9, Spring v5.3.25
2023-03-07 14:01:16.202  INFO 14004 --- [main] c.e.jwtPractice.JwtPracticeApplication   : No active profile set, falling back to 1 default profile: "default"
2023-03-07 14:01:19.266  INFO 14004 --- [main] o.s.b.w.embedded.tomcat.TomcatWebServer  : Tomcat initialized with port(s): 8080 (http)
2023-03-07 14:01:19.298  INFO 14004 --- [main] o.apache.catalina.core.StandardService   : Starting service [Tomcat]
2023-03-07 14:01:19.298  INFO 14004 --- [main] org.apache.catalina.core.StandardEngine  : Starting Servlet engine: [Apache Tomcat/9.0.71]
2023-03-07 14:01:19.548  INFO 14004 --- [main] o.a.c.c.C.[Tomcat].[localhost].[/]       : Initializing Spring embedded WebApplicationContext
2023-03-07 14:01:19.549  INFO 14004 --- [main] w.s.c.ServletWebServerApplicationContext : Root WebApplicationContext: initialization completed in 3191 ms
2023-03-07 14:01:20.265  INFO 14004 --- [main] o.s.s.web.DefaultSecurityFilterChain     : Will secure any request with [org.springframework.security.web.session.DisableEncodeUrlFilter@1e1e9ef3, org.springframework.security.web.context.request.async.WebAsyncManagerIntegrationFilter@3dd31157, org.springframework.security.web.context.SecurityContextPersistenceFilter@5e7c141d, org.springframework.security.web.header.HeaderWriterFilter@3dfa819, org.springframework.security.web.authentication.logout.LogoutFilter@317a118b, org.springframework.security.web.savedrequest.RequestCacheAwareFilter@1305c126, org.springframework.security.web.servletapi.SecurityContextHolderAwareRequestFilter@7640a5b1, org.springframework.security.web.authentication.AnonymousAuthenticationFilter@31c628e7, org.springframework.security.web.session.SessionManagementFilter@41eb94bc, org.springframework.security.web.access.ExceptionTranslationFilter@7efb53af, org.springframework.security.web.access.intercept.FilterSecurityInterceptor@6edf29c1]
2023-03-07 14:01:21.113  INFO 14004 --- [main] o.s.b.w.embedded.tomcat.TomcatWebServer  : Tomcat started on port(s): 8080 (http) with context path ''
2023-03-07 14:01:21.165  INFO 14004 --- [main] c.e.jwtPractice.JwtPracticeApplication   : Started JwtPracticeApplication in 6.123 seconds (JVM running for 7.491)
2023-03-07 14:02:10.110  INFO 14004 --- [http-nio-8080-exec-1] o.a.c.c.C.[Tomcat].[localhost].[/]       : Initializing Spring DispatcherServlet 'dispatcherServlet'
2023-03-07 14:02:10.116  INFO 14004 --- [http-nio-8080-exec-1] o.s.web.servlet.DispatcherServlet        : Initializing Servlet 'dispatcherServlet'
2023-03-07 14:02:10.123  INFO 14004 --- [http-nio-8080-exec-1] o.s.web.servlet.DispatcherServlet        : Completed initialization in 5 ms
2023-03-07 14:04:45.730  INFO 9976 --- [main] c.e.jwtPractice.JwtPracticeApplication   : Starting JwtPracticeApplication using Java 19.0.2 on DESKTOP-KLDK7G6 with PID 9976 (C:\Users\Ocean Computers\Desktop\practice\jwtPractice\jwtPractice\target\classes started by Ocean Computers in C:\Users\Ocean Computers\Desktop\practice\jwtPractice\jwtPractice)
2023-03-07 14:04:45.738 DEBUG 9976 --- [main] c.e.jwtPractice.JwtPracticeApplication   : Running with Spring Boot v2.7.9, Spring v5.3.25
2023-03-07 14:04:45.739  INFO 9976 --- [main] c.e.jwtPractice.JwtPracticeApplication   : No active profile set, falling back to 1 default profile: "default"
2023-03-07 14:04:49.089  INFO 9976 --- [main] o.s.b.w.embedded.tomcat.TomcatWebServer  : Tomcat initialized with port(s): 8080 (http)
2023-03-07 14:04:49.125  INFO 9976 --- [main] o.apache.catalina.core.StandardService   : Starting service [Tomcat]
2023-03-07 14:04:49.126  INFO 9976 --- [main] org.apache.catalina.core.StandardEngine  : Starting Servlet engine: [Apache Tomcat/9.0.71]
2023-03-07 14:04:49.396  INFO 9976 --- [main] o.a.c.c.C.[Tomcat].[localhost].[/]       : Initializing Spring embedded WebApplicationContext
2023-03-07 14:04:49.398  INFO 9976 --- [main] w.s.c.ServletWebServerApplicationContext : Root WebApplicationContext: initialization completed in 3420 ms
2023-03-07 14:04:50.577  INFO 9976 --- [main] o.s.s.web.DefaultSecurityFilterChain     : Will secure any request with [org.springframework.security.web.session.DisableEncodeUrlFilter@791c12e3, org.springframework.security.web.context.request.async.WebAsyncManagerIntegrationFilter@b112b13, org.springframework.security.web.context.SecurityContextPersistenceFilter@76332405, org.springframework.security.web.header.HeaderWriterFilter@70211df5, org.springframework.security.web.authentication.logout.LogoutFilter@5c83ae01, org.springframework.security.web.savedrequest.RequestCacheAwareFilter@d1d8e1a, org.springframework.security.web.servletapi.SecurityContextHolderAwareRequestFilter@43a65cd8, org.springframework.security.web.authentication.AnonymousAuthenticationFilter@24eb65e3, org.springframework.security.web.session.SessionManagementFilter@3fba233d, org.springframework.security.web.access.ExceptionTranslationFilter@1a6dc589, org.springframework.security.web.access.intercept.FilterSecurityInterceptor@423c5404]
2023-03-07 14:04:51.331  INFO 9976 --- [main] o.s.b.w.embedded.tomcat.TomcatWebServer  : Tomcat started on port(s): 8080 (http) with context path ''
2023-03-07 14:04:51.356  INFO 9976 --- [main] c.e.jwtPractice.JwtPracticeApplication   : Started JwtPracticeApplication in 6.699 seconds (JVM running for 7.95)
2023-03-07 14:05:06.896  INFO 9976 --- [http-nio-8080-exec-1] o.a.c.c.C.[Tomcat].[localhost].[/]       : Initializing Spring DispatcherServlet 'dispatcherServlet'
2023-03-07 14:05:06.896  INFO 9976 --- [http-nio-8080-exec-1] o.s.web.servlet.DispatcherServlet        : Initializing Servlet 'dispatcherServlet'
2023-03-07 14:05:06.899  INFO 9976 --- [http-nio-8080-exec-1] o.s.web.servlet.DispatcherServlet        : Completed initialization in 2 ms
